[debug] [2024-03-21T22:55:11.224Z] ----------------------------------------------------------------------
[debug] [2024-03-21T22:55:11.249Z] Command:       /data/data/com.termux/files/usr/bin/node /data/data/com.termux/files/usr/bin/firebase init
[debug] [2024-03-21T22:55:11.253Z] CLI Version:   13.5.2
[debug] [2024-03-21T22:55:11.256Z] Platform:      android
[debug] [2024-03-21T22:55:11.258Z] Node Version:  v21.6.2
[debug] [2024-03-21T22:55:11.261Z] Time:          Fri Mar 22 2024 05:55:11 GMT+0700 (Western Indonesia Time)
[debug] [2024-03-21T22:55:11.264Z] ----------------------------------------------------------------------
[debug] 
[debug] [2024-03-21T22:55:11.323Z] > command requires scopes: ["email","openid","https://www.googleapis.com/auth/cloudplatformprojects.readonly","https://www.googleapis.com/auth/firebase","https://www.googleapis.com/auth/cloud-platform"]
[debug] [2024-03-21T22:55:11.329Z] > authorizing via signed-in user (bagusadi1dp@gmail.com)
[info] 
     ######## #### ########  ######## ########     ###     ######  ########
     ##        ##  ##     ## ##       ##     ##  ##   ##  ##       ##
     ######    ##  ########  ######   ########  #########  ######  ######
     ##        ##  ##    ##  ##       ##     ## ##     ##       ## ##
     ##       #### ##     ## ######## ########  ##     ##  ######  ########

You're about to initialize a Firebase project in this directory:

  /storage/emulated/0/Download/@pro

Before we get started, keep in mind:

  * You are currently outside your home directory

[info] 
=== Project Setup
[info] 
[info] First, let's associate this project directory with a Firebase project.
[info] You can create multiple project aliases by running firebase use --add, 
[info] but for now we'll just set up a default project.
[info] 
[debug] [2024-03-21T22:55:43.277Z] >>> [apiv2][query] GET https://firebase.googleapis.com/v1beta1/projects pageSize=100
[debug] [2024-03-21T22:55:45.564Z] <<< [apiv2][status] GET https://firebase.googleapis.com/v1beta1/projects 200
[debug] [2024-03-21T22:55:45.565Z] <<< [apiv2][body] GET https://firebase.googleapis.com/v1beta1/projects [omitted]
[info] i  Using project gustup-store (gustup-store) 
[info] 
=== Hosting Setup
[debug] [2024-03-21T22:55:55.982Z] >>> [apiv2][query] GET https://firebase.googleapis.com/v1beta1/projects/gustup-store [none]
[debug] [2024-03-21T22:55:56.390Z] <<< [apiv2][status] GET https://firebase.googleapis.com/v1beta1/projects/gustup-store 200
[debug] [2024-03-21T22:55:56.392Z] <<< [apiv2][body] GET https://firebase.googleapis.com/v1beta1/projects/gustup-store {"projectId":"gustup-store","projectNumber":"1046859818164","displayName":"gustup-store","name":"projects/gustup-store","resources":{"hostingSite":"gustup-store"},"state":"ACTIVE","etag":"1_a343ca37-c66d-4a73-a0ab-a680a0f84b47"}
[info] 
[info] Your public directory is the folder (relative to your project directory) that
[info] will contain Hosting assets to be uploaded with firebase deploy. If you
[info] have a build process for your assets, use your build's output directory.
[info] 
[debug] [2024-03-21T22:56:16.949Z] >>> [apiv2][query] GET https://www.gstatic.com/firebasejs/releases.json [none]
[debug] [2024-03-21T22:56:17.205Z] <<< [apiv2][status] GET https://www.gstatic.com/firebasejs/releases.json 200
[debug] [2024-03-21T22:56:17.206Z] <<< [apiv2][body] GET https://www.gstatic.com/firebasejs/releases.json {"current":{"version":"10.9.0","browserURL":"https://www.gstatic.com/firebasejs/10.9.0/firebase.js","packageURL":"https://www.gstatic.com/firebasejs/10.9.0/firebase.tgz"},"live":{"version":"10.9","browserURL":"https://www.gstatic.com/firebasejs/live/10.9/firebase.js","packageURL":"https://www.gstatic.com/firebasejs/live/10.9/firebase.tgz"},"components":{"analytics":"https://www.gstatic.com/firebasejs/10.9.0/firebase-analytics.js","app":"https://www.gstatic.com/firebasejs/10.9.0/firebase-app.js","app-check":"https://www.gstatic.com/firebasejs/10.9.0/firebase-app-check.js","auth":"https://www.gstatic.com/firebasejs/10.9.0/firebase-auth.js","auth/cordova":"https://www.gstatic.com/firebasejs/10.9.0/firebase-auth/cordova.js","auth/web-extension":"https://www.gstatic.com/firebasejs/10.9.0/firebase-auth/web-extension.js","functions":"https://www.gstatic.com/firebasejs/10.9.0/firebase-functions.js","firestore":"https://www.gstatic.com/firebasejs/10.9.0/firebase-firestore.js","firestore/lite":"https://www.gstatic.com/firebasejs/10.9.0/firebase-firestore/lite.js","installations":"https://www.gstatic.com/firebasejs/10.9.0/firebase-installations.js","storage":"https://www.gstatic.com/firebasejs/10.9.0/firebase-storage.js","performance":"https://www.gstatic.com/firebasejs/10.9.0/firebase-performance.js","remote-config":"https://www.gstatic.com/firebasejs/10.9.0/firebase-remote-config.js","messaging":"https://www.gstatic.com/firebasejs/10.9.0/firebase-messaging.js","messaging/sw":"https://www.gstatic.com/firebasejs/10.9.0/firebase-messaging/sw.js","database":"https://www.gstatic.com/firebasejs/10.9.0/firebase-database.js","firestore.memory":"https://www.gstatic.com/firebasejs/10.9.0/firebase-firestore.memory.js"}}
[info] ✔  Wrote public/index.html 
[info] 
[info] i  Didn't detect a .git folder. Assuming /storage/emulated/0/Download/@pro is the project root. 
[info] i  Authorizing with GitHub to upload your service account to a GitHub repository's secrets store. 
[info] 
[info] Visit this URL on this device to log in:
[info] https://github.com/login/oauth/authorize?client_id=89cf50f02ac6aaed3484&state=489687658&redirect_uri=http%3A%2F%2Flocalhost%3A9005&scope=read%3Auser%20repo%20public_repo
[info] 
[info] Waiting for authentication...
[debug] [2024-03-21T22:56:28.366Z] >>> [apiv2][query] POST https://github.com/login/oauth/access_token [none]
[debug] [2024-03-21T22:56:28.368Z] >>> [apiv2][body] POST https://github.com/login/oauth/access_token [stream]
[debug] [2024-03-21T22:56:29.280Z] <<< [apiv2][status] POST https://github.com/login/oauth/access_token 200
[debug] [2024-03-21T22:56:29.282Z] <<< [apiv2][body] POST https://github.com/login/oauth/access_token {"access_token":"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","token_type":"bearer","scope":"read:user,repo"}
[debug] [2024-03-21T22:56:29.342Z] >>> [apiv2][query] GET https://api.github.com/user [none]
[debug] [2024-03-21T22:56:30.254Z] <<< [apiv2][status] GET https://api.github.com/user 200
[debug] [2024-03-21T22:56:30.256Z] <<< [apiv2][body] GET https://api.github.com/user {"login":"bagusnhxyz","id":104559325,"node_id":"U_kgDOBjty3Q","avatar_url":"https://avatars.githubusercontent.com/u/104559325?v=4","gravatar_id":"","url":"https://api.github.com/users/bagusnhxyz","html_url":"https://github.com/bagusnhxyz","followers_url":"https://api.github.com/users/bagusnhxyz/followers","following_url":"https://api.github.com/users/bagusnhxyz/following{/other_user}","gists_url":"https://api.github.com/users/bagusnhxyz/gists{/gist_id}","starred_url":"https://api.github.com/users/bagusnhxyz/starred{/owner}{/repo}","subscriptions_url":"https://api.github.com/users/bagusnhxyz/subscriptions","organizations_url":"https://api.github.com/users/bagusnhxyz/orgs","repos_url":"https://api.github.com/users/bagusnhxyz/repos","events_url":"https://api.github.com/users/bagusnhxyz/events{/privacy}","received_events_url":"https://api.github.com/users/bagusnhxyz/received_events","type":"User","site_admin":false,"name":null,"company":null,"blog":"","location":null,"email":null,"hireable":null,"bio":null,"twitter_username":null,"public_repos":2,"public_gists":1,"followers":0,"following":0,"created_at":"2022-04-28T08:42:21Z","updated_at":"2024-03-03T06:25:19Z","private_gists":0,"total_private_repos":1,"owned_private_repos":1,"disk_usage":0,"collaborators":0,"two_factor_authentication":false,"plan":{"name":"free","space":976562499,"collaborators":0,"private_repos":10000}}
[info] 
[info] ✔  Success! Logged into GitHub as bagusnhxyz 
[info] 
